--------------------------------------------------------------------------------
Release 9.2i Trace 
Copyright (c) 1995-2007 Xilinx, Inc.  All rights reserved.

trce -ise
/home/jose/Documentos/Projects_ISE_9_2/Prueba_esquematico_placa/Prueba_esquematico_placa.ise
-intstyle ise -e 3 -s 4 -xml esquematico esquematico.ncd -o esquematico.twr
esquematico.pcf -ucf esquematico.ucf

Design file:              esquematico.ncd
Physical constraint file: esquematico.pcf
Device,package,speed:     xc3s100e,cp132,-4 (PRODUCTION 1.26 2007-04-13)
Report level:             error report

Environment Variable      Effect 
--------------------      ------ 
NONE                      No environment variables were set
--------------------------------------------------------------------------------

INFO:Timing:2698 - No timing constraints found, doing default enumeration.
INFO:Timing:2752 - To get complete path coverage, use the unconstrained paths 
   option. All paths that are not constrained will be reported in the 
   unconstrained paths section(s) of the report.
INFO:Timing:3339 - The clock-to-out numbers in this timing report are based on 
   a 50 Ohm transmission line loading model.  For the details of this model, 
   and for more information on accounting for different loading conditions, 
   please see the device datasheet.



Data Sheet report:
-----------------
All values displayed in nanoseconds (ns)

Setup/Hold to clock clk
------------+------------+------------+------------------+--------+
            |  Setup to  |  Hold to   |                  | Clock  |
Source      | clk (edge) | clk (edge) |Internal Clock(s) | Phase  |
------------+------------+------------+------------------+--------+
D           |    3.542(F)|   -0.798(F)|clk_BUFGP         |   0.000|
------------+------------+------------+------------------+--------+

Clock clk to Pad
------------+------------+------------------+--------+
            | clk (edge) |                  | Clock  |
Destination |   to PAD   |Internal Clock(s) | Phase  |
------------+------------+------------------+--------+
Q           |    7.953(F)|clk_BUFGP         |   0.000|
------------+------------+------------------+--------+


Analysis completed Sun Feb  1 23:44:46 2015 
--------------------------------------------------------------------------------

Trace Settings:
-------------------------
Trace Settings 

Peak Memory Usage: 81 MB



