Release 9.2i - xst J.36
Copyright (c) 1995-2007 Xilinx, Inc.  All rights reserved.
--> 
Parameter TMPDIR set to ./xst/projnav.tmp
CPU : 0.00 / 0.07 s | Elapsed : 0.00 / 0.00 s
 
--> 
Parameter xsthdpdir set to ./xst
CPU : 0.00 / 0.07 s | Elapsed : 0.00 / 0.00 s
 
--> 
Reading design: contador.prj

TABLE OF CONTENTS
  1) Synthesis Options Summary
  2) HDL Compilation
  3) Design Hierarchy Analysis
  4) HDL Analysis
  5) HDL Synthesis
     5.1) HDL Synthesis Report
  6) Advanced HDL Synthesis
     6.1) Advanced HDL Synthesis Report
  7) Low Level Synthesis
  8) Partition Report
  9) Final Report
     9.1) Device utilization summary
     9.2) Partition Resource Summary
     9.3) TIMING REPORT


=========================================================================
*                      Synthesis Options Summary                        *
=========================================================================
---- Source Parameters
Input File Name                    : "contador.prj"
Input Format                       : mixed
Ignore Synthesis Constraint File   : NO

---- Target Parameters
Output File Name                   : "contador"
Output Format                      : NGC
Target Device                      : xc3s100e-4-cp132

---- Source Options
Top Module Name                    : contador
Automatic FSM Extraction           : YES
FSM Encoding Algorithm             : Auto
Safe Implementation                : No
FSM Style                          : lut
RAM Extraction                     : Yes
RAM Style                          : Auto
ROM Extraction                     : Yes
Mux Style                          : Auto
Decoder Extraction                 : YES
Priority Encoder Extraction        : YES
Shift Register Extraction          : YES
Logical Shifter Extraction         : YES
XOR Collapsing                     : YES
ROM Style                          : Auto
Mux Extraction                     : YES
Resource Sharing                   : YES
Asynchronous To Synchronous        : NO
Multiplier Style                   : auto
Automatic Register Balancing       : No

---- Target Options
Add IO Buffers                     : YES
Global Maximum Fanout              : 500
Add Generic Clock Buffer(BUFG)     : 24
Register Duplication               : YES
Slice Packing                      : YES
Optimize Instantiated Primitives   : NO
Use Clock Enable                   : Yes
Use Synchronous Set                : Yes
Use Synchronous Reset              : Yes
Pack IO Registers into IOBs        : auto
Equivalent register Removal        : YES

---- General Options
Optimization Goal                  : Speed
Optimization Effort                : 1
Library Search Order               : contador.lso
Keep Hierarchy                     : NO
RTL Output                         : Yes
Global Optimization                : AllClockNets
Read Cores                         : YES
Write Timing Constraints           : NO
Cross Clock Analysis               : NO
Hierarchy Separator                : /
Bus Delimiter                      : <>
Case Specifier                     : maintain
Slice Utilization Ratio            : 100
BRAM Utilization Ratio             : 100
Verilog 2001                       : YES
Auto BRAM Packing                  : NO
Slice Utilization Ratio Delta      : 5

=========================================================================


=========================================================================
*                          HDL Compilation                              *
=========================================================================
Compiling vhdl file "/home/jose/Documentos/Projects_ISE_9_2/Contador_binario/contador.vhd" in Library work.
Entity <contador> compiled.
Entity <contador> (Architecture <behavioral>) compiled.

=========================================================================
*                     Design Hierarchy Analysis                         *
=========================================================================
Analyzing hierarchy for entity <contador> in library <work> (architecture <behavioral>).


=========================================================================
*                            HDL Analysis                               *
=========================================================================
Analyzing Entity <contador> in library <work> (Architecture <behavioral>).
Entity <contador> analyzed. Unit <contador> generated.


=========================================================================
*                           HDL Synthesis                               *
=========================================================================

Performing bidirectional port resolution...

Synthesizing Unit <contador>.
    Related source file is "/home/jose/Documentos/Projects_ISE_9_2/Contador_binario/contador.vhd".
    Found 8-bit up counter for signal <bout>.
    Summary:
	inferred   1 Counter(s).
Unit <contador> synthesized.


=========================================================================
HDL Synthesis Report

Macro Statistics
# Counters                                             : 1
 8-bit up counter                                      : 1

=========================================================================

=========================================================================
*                       Advanced HDL Synthesis                          *
=========================================================================

Loading device for application Rf_Device from file '3s100e.nph' in environment /opt/Xilinx9.2i.

=========================================================================
Advanced HDL Synthesis Report

Macro Statistics
# Counters                                             : 1
 8-bit up counter                                      : 1

=========================================================================

=========================================================================
*                         Low Level Synthesis                           *
=========================================================================

Optimizing unit <contador> ...

Mapping all equations...
Building and optimizing final netlist ...
Found area constraint ratio of 100 (+ 5) on block contador, actual ratio is 0.

Final Macro Processing ...

=========================================================================
Final Register Report

Macro Statistics
# Registers                                            : 8
 Flip-Flops                                            : 8

=========================================================================

=========================================================================
*                          Partition Report                             *
=========================================================================

Partition Implementation Status
-------------------------------

  No Partitions were found in this design.

-------------------------------

=========================================================================
*                            Final Report                               *
=========================================================================
Final Results
RTL Top Level Output File Name     : contador.ngr
Top Level Output File Name         : contador
Output Format                      : NGC
Optimization Goal                  : Speed
Keep Hierarchy                     : NO

Design Statistics
# IOs                              : 21

Cell Usage :
# BELS                             : 29
#      GND                         : 1
#      INV                         : 1
#      LUT2                        : 2
#      LUT3                        : 8
#      LUT4                        : 2
#      MUXCY                       : 7
#      XORCY                       : 8
# FlipFlops/Latches                : 8
#      FDCE                        : 8
# Clock Buffers                    : 1
#      BUFGP                       : 1
# IO Buffers                       : 20
#      IBUF                        : 11
#      OBUF                        : 9
=========================================================================

Device utilization summary:
---------------------------

Selected Device : 3s100ecp132-4 

 Number of Slices:                       6  out of    960     0%  
 Number of Slice Flip Flops:             8  out of   1920     0%  
 Number of 4 input LUTs:                13  out of   1920     0%  
 Number of IOs:                         21
 Number of bonded IOBs:                 21  out of     83    25%  
 Number of GCLKs:                        1  out of     24     4%  

---------------------------
Partition Resource Summary:
---------------------------

  No Partitions were found in this design.

---------------------------


=========================================================================
TIMING REPORT

NOTE: THESE TIMING NUMBERS ARE ONLY A SYNTHESIS ESTIMATE.
      FOR ACCURATE TIMING INFORMATION PLEASE REFER TO THE TRACE REPORT
      GENERATED AFTER PLACE-and-ROUTE.

Clock Information:
------------------
-----------------------------------+------------------------+-------+
Clock Signal                       | Clock buffer(FF name)  | Load  |
-----------------------------------+------------------------+-------+
clk                                | BUFGP                  | 8     |
-----------------------------------+------------------------+-------+

Asynchronous Control Signals Information:
----------------------------------------
-----------------------------------+------------------------+-------+
Control Signal                     | Buffer(FF name)        | Load  |
-----------------------------------+------------------------+-------+
r                                  | IBUF                   | 8     |
-----------------------------------+------------------------+-------+

Timing Summary:
---------------
Speed Grade: -4

   Minimum period: 3.835ns (Maximum Frequency: 260.756MHz)
   Minimum input arrival time before clock: 4.909ns
   Maximum output required time after clock: 6.992ns
   Maximum combinational path delay: No path found

Timing Detail:
--------------
All values displayed in nanoseconds (ns)

=========================================================================
Timing constraint: Default period analysis for Clock 'clk'
  Clock period: 3.835ns (frequency: 260.756MHz)
  Total number of paths / destination ports: 36 / 8
-------------------------------------------------------------------------
Delay:               3.835ns (Levels of Logic = 9)
  Source:            bout_0 (FF)
  Destination:       bout_7 (FF)
  Source Clock:      clk rising
  Destination Clock: clk rising

  Data Path: bout_0 to bout_7
                                Gate     Net
    Cell:in->out      fanout   Delay   Delay  Logical Name (Net Name)
    ----------------------------------------  ------------
     FDCE:C->Q             3   0.591   0.610  bout_0 (bout_0)
     LUT3:I1->O            1   0.704   0.000  Mcount_bout_lut<0> (N4)
     MUXCY:S->O            1   0.464   0.000  Mcount_bout_cy<0> (Mcount_bout_cy<0>)
     MUXCY:CI->O           1   0.059   0.000  Mcount_bout_cy<1> (Mcount_bout_cy<1>)
     MUXCY:CI->O           1   0.059   0.000  Mcount_bout_cy<2> (Mcount_bout_cy<2>)
     MUXCY:CI->O           1   0.059   0.000  Mcount_bout_cy<3> (Mcount_bout_cy<3>)
     MUXCY:CI->O           1   0.059   0.000  Mcount_bout_cy<4> (Mcount_bout_cy<4>)
     MUXCY:CI->O           1   0.059   0.000  Mcount_bout_cy<5> (Mcount_bout_cy<5>)
     MUXCY:CI->O           0   0.059   0.000  Mcount_bout_cy<6> (Mcount_bout_cy<6>)
     XORCY:CI->O           1   0.804   0.000  Mcount_bout_xor<7> (Mcount_bout7)
     FDCE:D                    0.308          bout_7
    ----------------------------------------
    Total                      3.835ns (3.225ns logic, 0.610ns route)
                                       (84.1% logic, 15.9% route)

=========================================================================
Timing constraint: Default OFFSET IN BEFORE for Clock 'clk'
  Total number of paths / destination ports: 96 / 16
-------------------------------------------------------------------------
Offset:              4.909ns (Levels of Logic = 10)
  Source:            l (PAD)
  Destination:       bout_7 (FF)
  Destination Clock: clk rising

  Data Path: l to bout_7
                                Gate     Net
    Cell:in->out      fanout   Delay   Delay  Logical Name (Net Name)
    ----------------------------------------  ------------
     IBUF:I->O            10   1.218   1.057  l_IBUF (l_IBUF)
     LUT3:I0->O            1   0.704   0.000  Mcount_bout_lut<0> (N4)
     MUXCY:S->O            1   0.464   0.000  Mcount_bout_cy<0> (Mcount_bout_cy<0>)
     MUXCY:CI->O           1   0.059   0.000  Mcount_bout_cy<1> (Mcount_bout_cy<1>)
     MUXCY:CI->O           1   0.059   0.000  Mcount_bout_cy<2> (Mcount_bout_cy<2>)
     MUXCY:CI->O           1   0.059   0.000  Mcount_bout_cy<3> (Mcount_bout_cy<3>)
     MUXCY:CI->O           1   0.059   0.000  Mcount_bout_cy<4> (Mcount_bout_cy<4>)
     MUXCY:CI->O           1   0.059   0.000  Mcount_bout_cy<5> (Mcount_bout_cy<5>)
     MUXCY:CI->O           0   0.059   0.000  Mcount_bout_cy<6> (Mcount_bout_cy<6>)
     XORCY:CI->O           1   0.804   0.000  Mcount_bout_xor<7> (Mcount_bout7)
     FDCE:D                    0.308          bout_7
    ----------------------------------------
    Total                      4.909ns (3.852ns logic, 1.057ns route)
                                       (78.5% logic, 21.5% route)

=========================================================================
Timing constraint: Default OFFSET OUT AFTER for Clock 'clk'
  Total number of paths / destination ports: 16 / 9
-------------------------------------------------------------------------
Offset:              6.992ns (Levels of Logic = 3)
  Source:            bout_0 (FF)
  Destination:       tc (PAD)
  Source Clock:      clk rising

  Data Path: bout_0 to tc
                                Gate     Net
    Cell:in->out      fanout   Delay   Delay  Logical Name (Net Name)
    ----------------------------------------  ------------
     FDCE:C->Q             3   0.591   0.706  bout_0 (bout_0)
     LUT4:I0->O            1   0.704   0.595  tc_cmp_eq00004 (tc_cmp_eq0000_map2)
     LUT2:I0->O            1   0.704   0.420  tc_cmp_eq000010 (tc_OBUF)
     OBUF:I->O                 3.272          tc_OBUF (tc)
    ----------------------------------------
    Total                      6.992ns (5.271ns logic, 1.721ns route)
                                       (75.4% logic, 24.6% route)

=========================================================================
CPU : 4.77 / 4.86 s | Elapsed : 5.00 / 5.00 s
 
--> 


Total memory usage is 123216 kilobytes

Number of errors   :    0 (   0 filtered)
Number of warnings :    0 (   0 filtered)
Number of infos    :    0 (   0 filtered)

